<?xml version="1.0" encoding="UTF-8"?>
<testsuites tests="196" failures="1" disabled="30" errors="0" time="512.343" timestamp="2023-11-11T11:38:14.315" name="AllTests">
  <testsuite name="SmokeTest" tests="6" failures="0" disabled="5" skipped="0" errors="0" time="153.698" timestamp="2023-11-11T11:38:14.315">
    <testcase name="DISABLED_CheckGoogleTest" file="Testcases/TC00_SmokeTest.cc" line="57" status="notrun" result="suppressed" time="0." timestamp="1970-01-01T01:00:00.000" classname="SmokeTest" />
    <testcase name="DISABLED_CheckTimer" file="Testcases/TC00_SmokeTest.cc" line="62" status="notrun" result="suppressed" time="0." timestamp="1970-01-01T01:00:00.000" classname="SmokeTest" />
    <testcase name="DISABLED_CheckDataLengthCode" file="Testcases/TC00_SmokeTest.cc" line="87" status="notrun" result="suppressed" time="0." timestamp="1970-01-01T01:00:00.000" classname="SmokeTest" />
    <testcase name="DISABLED_CheckTransmissionTime" file="Testcases/TC00_SmokeTest.cc" line="188" status="notrun" result="suppressed" time="0." timestamp="1970-01-01T01:00:00.000" classname="SmokeTest" />
    <testcase name="DISABLED_SomeTest" file="Testcases/TC00_SmokeTest.cc" line="200" status="notrun" result="suppressed" time="0." timestamp="1970-01-01T01:00:00.000" classname="SmokeTest" />
    <testcase name="DefaultScenario" file="Testcases/TC00_SmokeTest.cc" line="237" status="run" result="completed" time="153.698" timestamp="2023-11-11T11:38:14.315" classname="SmokeTest" />
  </testsuite>
  <testsuite name="ProbeChannel" tests="15" failures="0" disabled="1" skipped="0" errors="0" time="24.919" timestamp="2023-11-11T11:40:48.018">
    <testcase name="SunnydayScenario" file="Testcases/TC01_ProbeChannel.cc" line="70" status="run" result="completed" time="1.67" timestamp="2023-11-11T11:40:48.018" classname="ProbeChannel" />
    <testcase name="IfChannelNotOccupied" file="Testcases/TC01_ProbeChannel.cc" line="128" status="run" result="completed" time="1.598" timestamp="2023-11-11T11:40:49.688" classname="ProbeChannel" />
    <testcase name="IfChannelOccupiedByOwnProcess" file="Testcases/TC01_ProbeChannel.cc" line="179" status="run" result="completed" time="1.552" timestamp="2023-11-11T11:40:51.286" classname="ProbeChannel" />
    <testcase name="DISABLED_IfChannelOccupiedByAnotherProcess" file="Testcases/TC01_ProbeChannel.cc" line="231" status="notrun" result="suppressed" time="0." timestamp="1970-01-01T01:00:00.000" classname="ProbeChannel" />
    <testcase name="WithValidChannelNo" file="Testcases/TC01_ProbeChannel.cc" line="240" status="run" result="completed" time="3.251" timestamp="2023-11-11T11:40:52.839" classname="ProbeChannel" />
    <testcase name="WithInvalidChannelNo" file="Testcases/TC01_ProbeChannel.cc" line="306" status="run" result="completed" time="1.546" timestamp="2023-11-11T11:40:56.091" classname="ProbeChannel" />
    <testcase name="CheckOperationModeCapabilities" file="Testcases/TC01_ProbeChannel.cc" line="366" status="run" result="completed" time="1.702" timestamp="2023-11-11T11:40:57.637" classname="ProbeChannel" />
    <testcase name="CheckMonitorModeEnabledDisabled" file="Testcases/TC01_ProbeChannel.cc" line="435" status="run" result="completed" time="1.701" timestamp="2023-11-11T11:40:59.339" classname="ProbeChannel" />
    <testcase name="CheckErrorFramesEnabledDisabled" file="Testcases/TC01_ProbeChannel.cc" line="507" status="run" result="completed" time="1.699" timestamp="2023-11-11T11:41:01.041" classname="ProbeChannel" />
    <testcase name="CheckRemoteFramesDisabledEnabled" file="Testcases/TC01_ProbeChannel.cc" line="579" status="run" result="completed" time="1.702" timestamp="2023-11-11T11:41:02.740" classname="ProbeChannel" />
    <testcase name="CheckExtendedFramesDisabledEnabled" file="Testcases/TC01_ProbeChannel.cc" line="651" status="run" result="completed" time="1.706" timestamp="2023-11-11T11:41:04.443" classname="ProbeChannel" />
    <testcase name="CheckCanFdOperationEnabledDisabled" file="Testcases/TC01_ProbeChannel.cc" line="724" status="run" result="completed" time="1.711" timestamp="2023-11-11T11:41:06.150" classname="ProbeChannel" />
    <testcase name="CheckBitrateSwitchingEnabledDisabled" file="Testcases/TC01_ProbeChannel.cc" line="796" status="run" result="completed" time="1.703" timestamp="2023-11-11T11:41:07.862" classname="ProbeChannel" />
    <testcase name="CheckBitrateSwitchingEnabledWithoutCanFdEnabled" file="Testcases/TC01_ProbeChannel.cc" line="869" status="run" result="completed" time="1.704" timestamp="2023-11-11T11:41:09.566" classname="ProbeChannel" />
    <testcase name="InAllChannelStates" file="Testcases/TC01_ProbeChannel.cc" line="940" status="run" result="completed" time="1.668" timestamp="2023-11-11T11:41:11.270" classname="ProbeChannel" />
  </testsuite>
  <testsuite name="InitializeChannel" tests="15" failures="0" disabled="0" skipped="0" errors="0" time="14.677" timestamp="2023-11-11T11:41:12.938">
    <testcase name="SunnydayScenario" file="Testcases/TC02_InitializeChannel.cc" line="70" status="run" result="completed" time="1.677" timestamp="2023-11-11T11:41:12.938" classname="InitializeChannel" />
    <testcase name="IfChannelInitialized" file="Testcases/TC02_InitializeChannel.cc" line="129" status="run" result="completed" time="1.654" timestamp="2023-11-11T11:41:14.615" classname="InitializeChannel" />
    <testcase name="IfControllerStarted" file="Testcases/TC02_InitializeChannel.cc" line="183" status="run" result="completed" time="1.65" timestamp="2023-11-11T11:41:16.270" classname="InitializeChannel" />
    <testcase name="IfControllerStopped" file="Testcases/TC02_InitializeChannel.cc" line="237" status="run" result="completed" time="1.658" timestamp="2023-11-11T11:41:17.921" classname="InitializeChannel" />
    <testcase name="IfChannelTornDown" file="Testcases/TC02_InitializeChannel.cc" line="291" status="run" result="completed" time="1.737" timestamp="2023-11-11T11:41:19.579" classname="InitializeChannel" />
    <testcase name="WithValidChannelNo" file="Testcases/TC02_InitializeChannel.cc" line="348" status="run" result="completed" time="1.723" timestamp="2023-11-11T11:41:21.317" classname="InitializeChannel" />
    <testcase name="WithInvalidChannelNo" file="Testcases/TC02_InitializeChannel.cc" line="415" status="run" result="completed" time="1.546" timestamp="2023-11-11T11:41:23.041" classname="InitializeChannel" />
    <testcase name="CheckOperationModeCapability" file="Testcases/TC02_InitializeChannel.cc" line="474" status="run" result="completed" time="1.646" timestamp="2023-11-11T11:41:24.588" classname="InitializeChannel" />
    <testcase name="CheckMonitorModeEnabledDisabled" file="Testcases/TC02_InitializeChannel.cc" line="544" status="run" result="completed" time="0.133" timestamp="2023-11-11T11:41:26.234" classname="InitializeChannel" />
    <testcase name="CheckErrorFramesEnabledDisabled" file="Testcases/TC02_InitializeChannel.cc" line="597" status="run" result="completed" time="0.29" timestamp="2023-11-11T11:41:26.367" classname="InitializeChannel" />
    <testcase name="CheckRemoteFramesDisabledEnabled" file="Testcases/TC02_InitializeChannel.cc" line="651" status="run" result="completed" time="0.294" timestamp="2023-11-11T11:41:26.658" classname="InitializeChannel" />
    <testcase name="CheckExtendedFramesDisabledEnabled" file="Testcases/TC02_InitializeChannel.cc" line="705" status="run" result="completed" time="0.298" timestamp="2023-11-11T11:41:26.953" classname="InitializeChannel" />
    <testcase name="CheckCanFdOperationEnabledDisabled" file="Testcases/TC02_InitializeChannel.cc" line="760" status="run" result="completed" time="0.135" timestamp="2023-11-11T11:41:27.251" classname="InitializeChannel" />
    <testcase name="CheckBitrateSwitchingEnabledDisabled" file="Testcases/TC02_InitializeChannel.cc" line="816" status="run" result="completed" time="0.131" timestamp="2023-11-11T11:41:27.386" classname="InitializeChannel" />
    <testcase name="CheckBitrateSwitchingEnabledWithoutCanFdEnabled" file="Testcases/TC02_InitializeChannel.cc" line="872" status="run" result="completed" time="0.098" timestamp="2023-11-11T11:41:27.518" classname="InitializeChannel" />
  </testsuite>
  <testsuite name="StartController" tests="20" failures="0" disabled="2" skipped="5" errors="0" time="114.688" timestamp="2023-11-11T11:41:27.616">
    <testcase name="SunnydayScenario" file="Testcases/TC03_StartController.cc" line="130" status="run" result="completed" time="1.67" timestamp="2023-11-11T11:41:27.616" classname="StartController" />
    <testcase name="IfChannelNotInitialized" file="Testcases/TC03_StartController.cc" line="197" status="run" result="completed" time="1.542" timestamp="2023-11-11T11:41:29.287" classname="StartController" />
    <testcase name="IfControllerStarted" file="Testcases/TC03_StartController.cc" line="246" status="run" result="completed" time="1.653" timestamp="2023-11-11T11:41:30.830" classname="StartController" />
    <testcase name="IfControllerStopped" file="Testcases/TC03_StartController.cc" line="300" status="run" result="completed" time="2.51" timestamp="2023-11-11T11:41:32.484" classname="StartController" />
    <testcase name="IfChannelTornDown" file="Testcases/TC03_StartController.cc" line="369" status="run" result="completed" time="1.558" timestamp="2023-11-11T11:41:34.994" classname="StartController" />
    <testcase name="WithValidCanBitrateIndex" file="Testcases/TC03_StartController.cc" line="420" status="run" result="completed" time="25.672" timestamp="2023-11-11T11:41:36.552" classname="StartController" />
    <testcase name="WithInvalidCanBitrateIndex" file="Testcases/TC03_StartController.cc" line="537" status="run" result="completed" time="2.994" timestamp="2023-11-11T11:42:02.226" classname="StartController" />
    <testcase name="WithSameCanBitrateIndexAfterCanStopped" file="Testcases/TC03_StartController.cc" line="657" status="run" result="completed" time="14.135" timestamp="2023-11-11T11:42:05.220" classname="StartController" />
    <testcase name="WithDifferentCanBitrateIndexAfterCanStopped" file="Testcases/TC03_StartController.cc" line="791" status="run" result="completed" time="14.087" timestamp="2023-11-11T11:42:19.356" classname="StartController" />
    <testcase name="WithValidCanBitrateSettings" file="Testcases/TC03_StartController.cc" line="936" status="run" result="completed" time="17.039" timestamp="2023-11-11T11:42:33.444" classname="StartController" />
    <testcase name="WithInvalidCanBitrateSettings" file="Testcases/TC03_StartController.cc" line="1036" status="run" result="completed" time="3.201" timestamp="2023-11-11T11:42:50.484" classname="StartController" />
    <testcase name="WithSameCanBitrateSettingsAfterCanStopped" file="Testcases/TC03_StartController.cc" line="1161" status="run" result="completed" time="14.11" timestamp="2023-11-11T11:42:53.686" classname="StartController" />
    <testcase name="WithDifferentCanBitrateSettingsAfterCanStopped" file="Testcases/TC03_StartController.cc" line="1288" status="run" result="completed" time="14.196" timestamp="2023-11-11T11:43:07.797" classname="StartController" />
    <testcase name="WithValidCanFdBitrateSettings" file="Testcases/TC03_StartController.cc" line="1427" status="run" result="skipped" time="0.063" timestamp="2023-11-11T11:43:21.994" classname="StartController">
      <skipped message="Testcases/TC03_StartController.cc:1437&#x0A;At least one device is not CAN FD capable!&#x0A;"><![CDATA[Testcases/TC03_StartController.cc:1437
At least one device is not CAN FD capable!
]]></skipped>
    </testcase>
    <testcase name="WithInvalidCanFdBitrateSettings" file="Testcases/TC03_StartController.cc" line="1526" status="run" result="skipped" time="0.061" timestamp="2023-11-11T11:43:22.058" classname="StartController">
      <skipped message="Testcases/TC03_StartController.cc:1536&#x0A;At least one device is not CAN FD capable!&#x0A;"><![CDATA[Testcases/TC03_StartController.cc:1536
At least one device is not CAN FD capable!
]]></skipped>
    </testcase>
    <testcase name="WithSameCanFdBitrateSettingsAfterCanStopped" file="Testcases/TC03_StartController.cc" line="1687" status="run" result="skipped" time="0.065" timestamp="2023-11-11T11:43:22.120" classname="StartController">
      <skipped message="Testcases/TC03_StartController.cc:1697&#x0A;At least one device is not CAN FD capable!&#x0A;"><![CDATA[Testcases/TC03_StartController.cc:1697
At least one device is not CAN FD capable!
]]></skipped>
    </testcase>
    <testcase name="WithDifferentCanFdBitrateSettingsAfterCanStopped" file="Testcases/TC03_StartController.cc" line="1828" status="run" result="skipped" time="0.057" timestamp="2023-11-11T11:43:22.186" classname="StartController">
      <skipped message="Testcases/TC03_StartController.cc:1838&#x0A;At least one device is not CAN FD capable!&#x0A;"><![CDATA[Testcases/TC03_StartController.cc:1838
At least one device is not CAN FD capable!
]]></skipped>
    </testcase>
    <testcase name="WithCanBitrateIndexInCanFdMode" file="Testcases/TC03_StartController.cc" line="1990" status="run" result="skipped" time="0.063" timestamp="2023-11-11T11:43:22.243" classname="StartController">
      <skipped message="Testcases/TC03_StartController.cc:2000&#x0A;At least one device is not CAN FD capable!&#x0A;"><![CDATA[Testcases/TC03_StartController.cc:2000
At least one device is not CAN FD capable!
]]></skipped>
    </testcase>
    <testcase name="DISABLED_WithCanBitrateSettingsInCanFdMode" file="Testcases/TC03_StartController.cc" line="2104" status="notrun" result="suppressed" time="0." timestamp="1970-01-01T01:00:00.000" classname="StartController" />
    <testcase name="DISABLED_WithCanFdBitrateSettingsInCan20Mode" file="Testcases/TC03_StartController.cc" line="2216" status="notrun" result="suppressed" time="0." timestamp="1970-01-01T01:00:00.000" classname="StartController" />
  </testsuite>
  <testsuite name="ReadMessage" tests="17" failures="0" disabled="2" skipped="1" errors="0" time="61.447" timestamp="2023-11-11T11:43:22.307">
    <testcase name="SunnydayScenario" file="Testcases/TC04_ReadMessage.cc" line="82" status="run" result="completed" time="1.889" timestamp="2023-11-11T11:43:22.307" classname="ReadMessage" />
    <testcase name="IfChannelNotInitialized" file="Testcases/TC04_ReadMessage.cc" line="195" status="run" result="completed" time="1.764" timestamp="2023-11-11T11:43:24.196" classname="ReadMessage" />
    <testcase name="IfControllerNotStarted" file="Testcases/TC04_ReadMessage.cc" line="291" status="run" result="completed" time="1.793" timestamp="2023-11-11T11:43:25.961" classname="ReadMessage" />
    <testcase name="IfControllerStopped" file="Testcases/TC04_ReadMessage.cc" line="387" status="run" result="completed" time="1.788" timestamp="2023-11-11T11:43:27.755" classname="ReadMessage" />
    <testcase name="IfChannelTornDown" file="Testcases/TC04_ReadMessage.cc" line="478" status="run" result="completed" time="1.791" timestamp="2023-11-11T11:43:29.543" classname="ReadMessage" />
    <testcase name="IfReceiveQueueEmpty" file="Testcases/TC04_ReadMessage.cc" line="569" status="run" result="completed" time="2.257" timestamp="2023-11-11T11:43:31.335" classname="ReadMessage" />
    <testcase name="IfReceiveQueueFull" file="Testcases/TC04_ReadMessage.cc" line="678" status="run" result="completed" time="32.363" timestamp="2023-11-11T11:43:33.593" classname="ReadMessage" />
    <testcase name="DISABLED_IfMessageLost" file="Testcases/TC04_ReadMessage.cc" line="874" status="notrun" result="suppressed" time="0." timestamp="1970-01-01T01:00:00.000" classname="ReadMessage" />
    <testcase name="DISABLED_MeasureTimestampAccuracy" file="Testcases/TC04_ReadMessage.cc" line="883" status="notrun" result="suppressed" time="0." timestamp="1970-01-01T01:00:00.000" classname="ReadMessage" />
    <testcase name="WithFlagXtdInOperationModeXtd" file="Testcases/TC04_ReadMessage.cc" line="891" status="run" result="completed" time="1.795" timestamp="2023-11-11T11:44:05.957" classname="ReadMessage" />
    <testcase name="WithFlagXtdInOperationModeNoXtd" file="Testcases/TC04_ReadMessage.cc" line="998" status="run" result="completed" time="2.135" timestamp="2023-11-11T11:44:07.752" classname="ReadMessage" />
    <testcase name="WithFlagRtrInOperationModeRtr" file="Testcases/TC04_ReadMessage.cc" line="1113" status="run" result="completed" time="1.989" timestamp="2023-11-11T11:44:09.888" classname="ReadMessage" />
    <testcase name="WithFlagRtrInOperationModeNoRtr" file="Testcases/TC04_ReadMessage.cc" line="1241" status="run" result="completed" time="2.375" timestamp="2023-11-11T11:44:11.877" classname="ReadMessage" />
    <testcase name="WithFlagStsInOperationModeNoErr" file="Testcases/TC04_ReadMessage.cc" line="1373" status="run" result="completed" time="3.375" timestamp="2023-11-11T11:44:14.252" classname="ReadMessage" />
    <testcase name="WithFlagStsInOperationModeErr" file="Testcases/TC04_ReadMessage.cc" line="1536" status="run" result="completed" time="3.225" timestamp="2023-11-11T11:44:17.628" classname="ReadMessage" />
    <testcase name="InOperationModeListenOnly" file="Testcases/TC04_ReadMessage.cc" line="1720" status="run" result="skipped" time="0." timestamp="2023-11-11T11:44:20.853" classname="ReadMessage">
      <skipped message="Testcases/TC04_ReadMessage.cc:1747&#x0A;This test can only run if there is a 3rd device present!&#x0A;"><![CDATA[Testcases/TC04_ReadMessage.cc:1747
This test can only run if there is a 3rd device present!
]]></skipped>
    </testcase>
    <testcase name="WithDifferentTimeoutValues" file="Testcases/TC04_ReadMessage.cc" line="1850" status="run" result="completed" time="2.902" timestamp="2023-11-11T11:44:20.853" classname="ReadMessage" />
  </testsuite>
  <testsuite name="WriteMessage" tests="19" failures="0" disabled="1" skipped="1" errors="0" time="41.596" timestamp="2023-11-11T11:44:23.756">
    <testcase name="SunnydayScenario" file="Testcases/TC05_WriteMessage.cc" line="70" status="run" result="completed" time="1.906" timestamp="2023-11-11T11:44:23.756" classname="WriteMessage" />
    <testcase name="IfChannelNotInitialized" file="Testcases/TC05_WriteMessage.cc" line="183" status="run" result="completed" time="2.299" timestamp="2023-11-11T11:44:25.662" classname="WriteMessage" />
    <testcase name="IfControllerNotStarted" file="Testcases/TC05_WriteMessage.cc" line="277" status="run" result="completed" time="2.277" timestamp="2023-11-11T11:44:27.961" classname="WriteMessage" />
    <testcase name="IfControllerStopped" file="Testcases/TC05_WriteMessage.cc" line="371" status="run" result="completed" time="2.019" timestamp="2023-11-11T11:44:30.239" classname="WriteMessage" />
    <testcase name="IfChannelTornDown" file="Testcases/TC05_WriteMessage.cc" line="462" status="run" result="completed" time="2.032" timestamp="2023-11-11T11:44:32.259" classname="WriteMessage" />
    <testcase name="WithValid11bitIdentifier" file="Testcases/TC05_WriteMessage.cc" line="553" status="run" result="completed" time="3.4" timestamp="2023-11-11T11:44:34.291" classname="WriteMessage" />
    <testcase name="WithInvalid11bitIdentifier" file="Testcases/TC05_WriteMessage.cc" line="655" status="run" result="completed" time="5.371" timestamp="2023-11-11T11:44:37.692" classname="WriteMessage" />
    <testcase name="WithValid29bitIdentifier" file="Testcases/TC05_WriteMessage.cc" line="866" status="run" result="completed" time="1.818" timestamp="2023-11-11T11:44:43.063" classname="WriteMessage" />
    <testcase name="WithInvalid29bitIdentifier" file="Testcases/TC05_WriteMessage.cc" line="968" status="run" result="completed" time="2.281" timestamp="2023-11-11T11:44:44.881" classname="WriteMessage" />
    <testcase name="WithValidDataLengthCode" file="Testcases/TC05_WriteMessage.cc" line="1071" status="run" result="completed" time="1.796" timestamp="2023-11-11T11:44:47.163" classname="WriteMessage" />
    <testcase name="WithInvalidDataLengthCode" file="Testcases/TC05_WriteMessage.cc" line="1174" status="run" result="completed" time="4.082" timestamp="2023-11-11T11:44:48.960" classname="WriteMessage" />
    <testcase name="WithFlagXtdInOperationModeNoXtd" file="Testcases/TC05_WriteMessage.cc" line="1354" status="run" result="completed" time="2.119" timestamp="2023-11-11T11:44:53.042" classname="WriteMessage" />
    <testcase name="WithFlagRtrInOperationModeNoRtr" file="Testcases/TC05_WriteMessage.cc" line="1464" status="run" result="completed" time="2.144" timestamp="2023-11-11T11:44:55.162" classname="WriteMessage" />
    <testcase name="WithFlagFdfInCan20OperationMode" file="Testcases/TC05_WriteMessage.cc" line="1575" status="run" result="completed" time="2.024" timestamp="2023-11-11T11:44:57.306" classname="WriteMessage" />
    <testcase name="WithFlagBrsInCan20OperationMode" file="Testcases/TC05_WriteMessage.cc" line="1673" status="run" result="completed" time="2.032" timestamp="2023-11-11T11:44:59.331" classname="WriteMessage" />
    <testcase name="WithFlagBrsWithoutFlagFdfInCanFdOperationMode" file="Testcases/TC05_WriteMessage.cc" line="1772" status="run" result="skipped" time="0.069" timestamp="2023-11-11T11:45:01.363" classname="WriteMessage">
      <skipped message="Testcases/TC05_WriteMessage.cc:1794&#x0A;At least one device is not CAN FD capable!&#x0A;"><![CDATA[Testcases/TC05_WriteMessage.cc:1794
At least one device is not CAN FD capable!
]]></skipped>
    </testcase>
    <testcase name="WithFlagSts" file="Testcases/TC05_WriteMessage.cc" line="1877" status="run" result="completed" time="2.149" timestamp="2023-11-11T11:45:01.433" classname="WriteMessage" />
    <testcase name="DISABLED_IfTransmitterBusy" file="Testcases/TC05_WriteMessage.cc" line="1989" status="notrun" result="suppressed" time="0." timestamp="1970-01-01T01:00:00.000" classname="WriteMessage" />
    <testcase name="WithFlagEsi" file="Testcases/TC05_WriteMessage.cc" line="2115" status="run" result="completed" time="1.771" timestamp="2023-11-11T11:45:03.582" classname="WriteMessage" />
  </testsuite>
  <testsuite name="ResetController" tests="7" failures="0" disabled="0" skipped="0" errors="0" time="12.173" timestamp="2023-11-11T11:45:05.354">
    <testcase name="SunnydayScenario" file="Testcases/TC06_ResetController.cc" line="61" status="run" result="completed" time="1.709" timestamp="2023-11-11T11:45:05.354" classname="ResetController" />
    <testcase name="IfChannelNotInitialized" file="Testcases/TC06_ResetController.cc" line="124" status="run" result="completed" time="1.589" timestamp="2023-11-11T11:45:07.064" classname="ResetController" />
    <testcase name="IfChannelInitialized" file="Testcases/TC06_ResetController.cc" line="173" status="run" result="completed" time="1.699" timestamp="2023-11-11T11:45:08.654" classname="ResetController" />
    <testcase name="IfControllerStarted" file="Testcases/TC06_ResetController.cc" line="233" status="run" result="completed" time="1.999" timestamp="2023-11-11T11:45:10.354" classname="ResetController" />
    <testcase name="IfControllerStopped" file="Testcases/TC06_ResetController.cc" line="294" status="run" result="completed" time="1.689" timestamp="2023-11-11T11:45:12.354" classname="ResetController" />
    <testcase name="IfChannelTornDown" file="Testcases/TC06_ResetController.cc" line="354" status="run" result="completed" time="1.57" timestamp="2023-11-11T11:45:14.043" classname="ResetController" />
    <testcase name="CheckStatisticalCounters" file="Testcases/TC06_ResetController.cc" line="403" status="run" result="completed" time="1.913" timestamp="2023-11-11T11:45:15.614" classname="ResetController" />
  </testsuite>
  <testsuite name="TeardownChannel" tests="6" failures="0" disabled="0" skipped="0" errors="0" time="7.131" timestamp="2023-11-11T11:45:17.527">
    <testcase name="SunnydayScenario" file="Testcases/TC08_TeardownChannel.cc" line="61" status="run" result="completed" time="1.698" timestamp="2023-11-11T11:45:17.527" classname="TeardownChannel" />
    <testcase name="IfChannelNotInitialized" file="Testcases/TC08_TeardownChannel.cc" line="123" status="run" result="completed" time="1.569" timestamp="2023-11-11T11:45:19.226" classname="TeardownChannel" />
    <testcase name="IfChannelInitialized" file="Testcases/TC08_TeardownChannel.cc" line="175" status="run" result="completed" time="0.211" timestamp="2023-11-11T11:45:20.796" classname="TeardownChannel" />
    <testcase name="IfControllerStarted" file="Testcases/TC08_TeardownChannel.cc" line="201" status="run" result="completed" time="0.518" timestamp="2023-11-11T11:45:21.007" classname="TeardownChannel" />
    <testcase name="IfControllerStopped" file="Testcases/TC08_TeardownChannel.cc" line="234" status="run" result="completed" time="1.555" timestamp="2023-11-11T11:45:21.526" classname="TeardownChannel" />
    <testcase name="IfChannelTornDown" file="Testcases/TC08_TeardownChannel.cc" line="283" status="run" result="completed" time="1.578" timestamp="2023-11-11T11:45:23.081" classname="TeardownChannel" />
  </testsuite>
  <testsuite name="GetStatus" tests="13" failures="1" disabled="8" skipped="0" errors="0" time="7.94" timestamp="2023-11-11T11:45:24.659">
    <testcase name="SunnydayScenario" file="Testcases/TC09_GetStatus.cc" line="81" status="run" result="completed" time="1.69" timestamp="2023-11-11T11:45:24.659" classname="GetStatus" />
    <testcase name="IfChannelNotInitialized" file="Testcases/TC09_GetStatus.cc" line="148" status="run" result="completed" time="1.58" timestamp="2023-11-11T11:45:26.350" classname="GetStatus" />
    <testcase name="DISABLED_IfChannelInitialized" file="Testcases/TC09_GetStatus.cc" line="198" status="notrun" result="suppressed" time="0." timestamp="1970-01-01T01:00:00.000" classname="GetStatus" />
    <testcase name="DISABLED_IfControllerStarted" file="Testcases/TC09_GetStatus.cc" line="247" status="notrun" result="suppressed" time="0." timestamp="1970-01-01T01:00:00.000" classname="GetStatus" />
    <testcase name="DISABLED_IfControllerStopped" file="Testcases/TC09_GetStatus.cc" line="296" status="notrun" result="suppressed" time="0." timestamp="1970-01-01T01:00:00.000" classname="GetStatus" />
    <testcase name="IfChannelTornDown" file="Testcases/TC09_GetStatus.cc" line="343" status="run" result="completed" time="1.566" timestamp="2023-11-11T11:45:27.931" classname="GetStatus" />
    <testcase name="IfInBusOffState" file="Testcases/TC09_GetStatus.cc" line="391" status="run" result="completed" time="0." timestamp="2023-11-11T11:45:29.498" classname="GetStatus">
      <failure message="Testcases/TC09_GetStatus.cc:415&#x0A;Value of: false&#x0A;  Actual: false&#x0A;Expected: true&#x0A;[  TC09.8  ] No bus-off state from device!&#x0A;" type=""><![CDATA[Testcases/TC09_GetStatus.cc:415
Value of: false
  Actual: false
Expected: true
[  TC09.8  ] No bus-off state from device!
]]></failure>
    </testcase>
    <testcase name="IfWarningLevelReached" file="Testcases/TC09_GetStatus.cc" line="548" status="run" result="completed" time="3.102" timestamp="2023-11-11T11:45:29.498" classname="GetStatus" />
    <testcase name="DISABLED_IfErrorsOnBus" file="Testcases/TC09_GetStatus.cc" line="705" status="notrun" result="suppressed" time="0." timestamp="1970-01-01T01:00:00.000" classname="GetStatus" />
    <testcase name="DISABLED_IfTransmitterBusy" file="Testcases/TC09_GetStatus.cc" line="882" status="notrun" result="suppressed" time="0." timestamp="1970-01-01T01:00:00.000" classname="GetStatus" />
    <testcase name="DISABLED_IfReceiveQueueEmpty" file="Testcases/TC09_GetStatus.cc" line="1009" status="notrun" result="suppressed" time="0." timestamp="1970-01-01T01:00:00.000" classname="GetStatus" />
    <testcase name="DISABLED_IfMessageLost" file="Testcases/TC09_GetStatus.cc" line="1113" status="notrun" result="suppressed" time="0." timestamp="1970-01-01T01:00:00.000" classname="GetStatus" />
    <testcase name="DISABLED_IfReceiveQueueFull" file="Testcases/TC09_GetStatus.cc" line="1129" status="notrun" result="suppressed" time="0." timestamp="1970-01-01T01:00:00.000" classname="GetStatus" />
  </testsuite>
  <testsuite name="GetBitrate" tests="8" failures="0" disabled="0" skipped="1" errors="0" time="27.26" timestamp="2023-11-11T11:45:32.600">
    <testcase name="SunnydayScenario" file="Testcases/TC11_GetBitrate.cc" line="73" status="run" result="completed" time="1.721" timestamp="2023-11-11T11:45:32.600" classname="GetBitrate" />
    <testcase name="IfChannelNotInitialized" file="Testcases/TC11_GetBitrate.cc" line="163" status="run" result="completed" time="1.571" timestamp="2023-11-11T11:45:34.322" classname="GetBitrate" />
    <testcase name="IfChannelInitialized" file="Testcases/TC11_GetBitrate.cc" line="218" status="run" result="completed" time="1.696" timestamp="2023-11-11T11:45:35.894" classname="GetBitrate" />
    <testcase name="IfControllerStarted" file="Testcases/TC11_GetBitrate.cc" line="277" status="run" result="completed" time="1.697" timestamp="2023-11-11T11:45:37.590" classname="GetBitrate" />
    <testcase name="IfControllerStopped" file="Testcases/TC11_GetBitrate.cc" line="337" status="run" result="completed" time="1.688" timestamp="2023-11-11T11:45:39.288" classname="GetBitrate" />
    <testcase name="IfChannelTornDown" file="Testcases/TC11_GetBitrate.cc" line="396" status="run" result="completed" time="1.578" timestamp="2023-11-11T11:45:40.977" classname="GetBitrate" />
    <testcase name="WithVariousCanBitrateSettings" file="Testcases/TC11_GetBitrate.cc" line="450" status="run" result="completed" time="17.235" timestamp="2023-11-11T11:45:42.555" classname="GetBitrate" />
    <testcase name="WithVariousCanFdBitrateSettings" file="Testcases/TC11_GetBitrate.cc" line="564" status="run" result="skipped" time="0.069" timestamp="2023-11-11T11:45:59.792" classname="GetBitrate">
      <skipped message="Testcases/TC11_GetBitrate.cc:575&#x0A;At least one device is not CAN FD capable!&#x0A;"><![CDATA[Testcases/TC11_GetBitrate.cc:575
At least one device is not CAN FD capable!
]]></skipped>
    </testcase>
  </testsuite>
  <testsuite name="GetProperty" tests="9" failures="0" disabled="0" skipped="0" errors="0" time="15.43" timestamp="2023-11-11T11:45:59.861">
    <testcase name="SunnydayScenario" file="Testcases/TC12_GetProperty.cc" line="61" status="run" result="completed" time="1.822" timestamp="2023-11-11T11:45:59.861" classname="GetProperty" />
    <testcase name="WithNullPointerForValue" file="Testcases/TC12_GetProperty.cc" line="143" status="run" result="completed" time="1.681" timestamp="2023-11-11T11:46:01.683" classname="GetProperty" />
    <testcase name="WithInvalidParmeterValue" file="Testcases/TC12_GetProperty.cc" line="215" status="run" result="completed" time="1.679" timestamp="2023-11-11T11:46:03.365" classname="GetProperty" />
    <testcase name="WithWrongParameterSize" file="Testcases/TC12_GetProperty.cc" line="272" status="run" result="completed" time="1.684" timestamp="2023-11-11T11:46:05.045" classname="GetProperty" />
    <testcase name="IfChannelNotInitialized" file="Testcases/TC12_GetProperty.cc" line="355" status="run" result="completed" time="1.594" timestamp="2023-11-11T11:46:06.730" classname="GetProperty" />
    <testcase name="IfChannelInitialized" file="Testcases/TC12_GetProperty.cc" line="429" status="run" result="completed" time="1.79" timestamp="2023-11-11T11:46:08.324" classname="GetProperty" />
    <testcase name="IfControllerStarted" file="Testcases/TC12_GetProperty.cc" line="499" status="run" result="completed" time="1.799" timestamp="2023-11-11T11:46:10.115" classname="GetProperty" />
    <testcase name="IfControllerStopped" file="Testcases/TC12_GetProperty.cc" line="569" status="run" result="completed" time="1.8" timestamp="2023-11-11T11:46:11.915" classname="GetProperty" />
    <testcase name="IfChannelTornDown" file="Testcases/TC12_GetProperty.cc" line="640" status="run" result="completed" time="1.576" timestamp="2023-11-11T11:46:13.715" classname="GetProperty" />
  </testsuite>
  <testsuite name="CallSequences" tests="35" failures="0" disabled="9" skipped="0" errors="0" time="31.367" timestamp="2023-11-11T11:46:15.292">
    <testcase name="InitializeTeardown" file="Testcases/TCx1_CallSequences.cc" line="61" status="run" result="completed" time="0.205" timestamp="2023-11-11T11:46:15.292" classname="CallSequences" />
    <testcase name="InitializeTeardownInitializeTeardown" file="Testcases/TCx1_CallSequences.cc" line="85" status="run" result="completed" time="0.417" timestamp="2023-11-11T11:46:15.498" classname="CallSequences" />
    <testcase name="InitializeTeardownInitializeStartTeardown" file="Testcases/TCx1_CallSequences.cc" line="117" status="run" result="completed" time="0.733" timestamp="2023-11-11T11:46:15.915" classname="CallSequences" />
    <testcase name="InitializeTeardownInitializeStartResetTeardown" file="Testcases/TCx1_CallSequences.cc" line="153" status="run" result="completed" time="0.831" timestamp="2023-11-11T11:46:16.649" classname="CallSequences" />
    <testcase name="InitializeTeardownInitializeStartResetStartTeardown" file="Testcases/TCx1_CallSequences.cc" line="193" status="run" result="completed" time="1.169" timestamp="2023-11-11T11:46:17.480" classname="CallSequences" />
    <testcase name="InitializeTeardownInitializeStartResetStartResetTeardown" file="Testcases/TCx1_CallSequences.cc" line="237" status="run" result="completed" time="1.266" timestamp="2023-11-11T11:46:18.649" classname="CallSequences" />
    <testcase name="InitializeStartTeardown" file="Testcases/TCx1_CallSequences.cc" line="285" status="run" result="completed" time="0.532" timestamp="2023-11-11T11:46:19.916" classname="CallSequences" />
    <testcase name="InitializeStartResetTeardown" file="Testcases/TCx1_CallSequences.cc" line="313" status="run" result="completed" time="0.642" timestamp="2023-11-11T11:46:20.448" classname="CallSequences" />
    <testcase name="InitializeStartResetStartTeardown" file="Testcases/TCx1_CallSequences.cc" line="345" status="run" result="completed" time="0.951" timestamp="2023-11-11T11:46:21.090" classname="CallSequences" />
    <testcase name="InitializeStartResetStartResetTeardown" file="Testcases/TCx1_CallSequences.cc" line="381" status="run" result="completed" time="1.058" timestamp="2023-11-11T11:46:22.042" classname="CallSequences" />
    <testcase name="InitializeStartTeardownInitializeTeardown" file="Testcases/TCx1_CallSequences.cc" line="421" status="run" result="completed" time="0.736" timestamp="2023-11-11T11:46:23.100" classname="CallSequences" />
    <testcase name="InitializeStartResetTeardownInitializeTeardown" file="Testcases/TCx1_CallSequences.cc" line="457" status="run" result="completed" time="0.837" timestamp="2023-11-11T11:46:23.837" classname="CallSequences" />
    <testcase name="InitializeStartTeardownInitializeStartResetTeardown" file="Testcases/TCx1_CallSequences.cc" line="497" status="run" result="completed" time="1.155" timestamp="2023-11-11T11:46:24.675" classname="CallSequences" />
    <testcase name="InitializeStartResetTeardownInitializeStartTeardown" file="Testcases/TCx1_CallSequences.cc" line="541" status="run" result="completed" time="1.155" timestamp="2023-11-11T11:46:25.830" classname="CallSequences" />
    <testcase name="InitializeStartResetTeardownInitializeStartResetTeardown" file="Testcases/TCx1_CallSequences.cc" line="585" status="run" result="completed" time="1.26" timestamp="2023-11-11T11:46:26.986" classname="CallSequences" />
    <testcase name="InitializeStartTeardownInitializeStartResetStartResetTeardown" file="Testcases/TCx1_CallSequences.cc" line="633" status="run" result="completed" time="1.569" timestamp="2023-11-11T11:46:28.246" classname="CallSequences" />
    <testcase name="InitializeStartResetTeardownInitializeStartResetStartTeardown" file="Testcases/TCx1_CallSequences.cc" line="685" status="run" result="completed" time="1.599" timestamp="2023-11-11T11:46:29.816" classname="CallSequences" />
    <testcase name="InitializeStartResetTeardownInitializeStartResetStartResetTeardown" file="Testcases/TCx1_CallSequences.cc" line="737" status="run" result="completed" time="1.699" timestamp="2023-11-11T11:46:31.416" classname="CallSequences" />
    <testcase name="InitializeStartResetStartTeardownInitializeTeardown" file="Testcases/TCx1_CallSequences.cc" line="793" status="run" result="completed" time="1.172" timestamp="2023-11-11T11:46:33.116" classname="CallSequences" />
    <testcase name="InitializeStartResetStartResetTeardownInitializeTeardown" file="Testcases/TCx1_CallSequences.cc" line="837" status="run" result="completed" time="1.286" timestamp="2023-11-11T11:46:34.289" classname="CallSequences" />
    <testcase name="InitializeStartResetStartTeardownInitializeStartResetTeardown" file="Testcases/TCx1_CallSequences.cc" line="889" status="run" result="completed" time="1.6" timestamp="2023-11-11T11:46:35.575" classname="CallSequences" />
    <testcase name="InitializeStartResetStartResetTeardownInitializeStartTeardown" file="Testcases/TCx1_CallSequences.cc" line="941" status="run" result="completed" time="1.59" timestamp="2023-11-11T11:46:37.175" classname="CallSequences" />
    <testcase name="InitializeStartResetStartResetTeardownInitializeStartResetTeardown" file="Testcases/TCx1_CallSequences.cc" line="993" status="run" result="completed" time="1.7" timestamp="2023-11-11T11:46:38.765" classname="CallSequences" />
    <testcase name="InitializeStartResetStartTeardownInitializeStartResetStartResetTeardown" file="Testcases/TCx1_CallSequences.cc" line="1049" status="run" result="completed" time="2.059" timestamp="2023-11-11T11:46:40.466" classname="CallSequences" />
    <testcase name="InitializeStartResetStartResetTeardownInitializeStartResetStartTeardown" file="Testcases/TCx1_CallSequences.cc" line="1109" status="run" result="completed" time="2.013" timestamp="2023-11-11T11:46:42.525" classname="CallSequences" />
    <testcase name="InitializeStartResetStartResetTeardownInitializeStartResetStartResetTeardown" file="Testcases/TCx1_CallSequences.cc" line="1169" status="run" result="completed" time="2.121" timestamp="2023-11-11T11:46:44.539" classname="CallSequences" />
    <testcase name="DISABLED_InitializeStartInitializeTeardown" file="Testcases/TCx1_CallSequences.cc" line="1235" status="notrun" result="suppressed" time="0." timestamp="1970-01-01T01:00:00.000" classname="CallSequences" />
    <testcase name="DISABLED_InitializeStartResetInitializeTeardown" file="Testcases/TCx1_CallSequences.cc" line="1269" status="notrun" result="suppressed" time="0." timestamp="1970-01-01T01:00:00.000" classname="CallSequences" />
    <testcase name="DISABLED_InitializeInitializeTeardown" file="Testcases/TCx1_CallSequences.cc" line="1307" status="notrun" result="suppressed" time="0." timestamp="1970-01-01T01:00:00.000" classname="CallSequences" />
    <testcase name="DISABLED_InitializeTeardownTeardown" file="Testcases/TCx1_CallSequences.cc" line="1337" status="notrun" result="suppressed" time="0." timestamp="1970-01-01T01:00:00.000" classname="CallSequences" />
    <testcase name="DISABLED_TeardownInitializeTeardown" file="Testcases/TCx1_CallSequences.cc" line="1366" status="notrun" result="suppressed" time="0." timestamp="1970-01-01T01:00:00.000" classname="CallSequences" />
    <testcase name="DISABLED_StartInitializeTeardown" file="Testcases/TCx1_CallSequences.cc" line="1395" status="notrun" result="suppressed" time="0." timestamp="1970-01-01T01:00:00.000" classname="CallSequences" />
    <testcase name="DISABLED_ResetInitializeTeardown" file="Testcases/TCx1_CallSequences.cc" line="1424" status="notrun" result="suppressed" time="0." timestamp="1970-01-01T01:00:00.000" classname="CallSequences" />
    <testcase name="DISABLED_WriteInitializeTeardown" file="Testcases/TCx1_CallSequences.cc" line="1453" status="notrun" result="suppressed" time="0." timestamp="1970-01-01T01:00:00.000" classname="CallSequences" />
    <testcase name="DISABLED_ReadInitializeTeardown" file="Testcases/TCx1_CallSequences.cc" line="1483" status="notrun" result="suppressed" time="0." timestamp="1970-01-01T01:00:00.000" classname="CallSequences" />
  </testsuite>
  <testsuite name="BitrateConverter" tests="26" failures="0" disabled="2" skipped="0" errors="0" time="0.01" timestamp="2023-11-11T11:46:46.660">
    <testcase name="BitrateToSpeedWithValidIndexes" file="Testcases/TCx2_BitrateConverter.cc" line="210" status="run" result="completed" time="0." timestamp="2023-11-11T11:46:46.660" classname="BitrateConverter" />
    <testcase name="BitrateToSpeedWithInvalidIndexes" file="Testcases/TCx2_BitrateConverter.cc" line="249" status="run" result="completed" time="0." timestamp="2023-11-11T11:46:46.660" classname="BitrateConverter" />
    <testcase name="BitrateToSpeedWithValidCan20Values" file="Testcases/TCx2_BitrateConverter.cc" line="299" status="run" result="completed" time="0." timestamp="2023-11-11T11:46:46.660" classname="BitrateConverter" />
    <testcase name="BitrateToSpeedWithInvalidCanValues" file="Testcases/TCx2_BitrateConverter.cc" line="355" status="run" result="completed" time="0." timestamp="2023-11-11T11:46:46.661" classname="BitrateConverter" />
    <testcase name="BitrateToSpeedWithValidCanFdValues" file="Testcases/TCx2_BitrateConverter.cc" line="425" status="run" result="completed" time="0." timestamp="2023-11-11T11:46:46.661" classname="BitrateConverter" />
    <testcase name="BitrateToSpeedWithInvalidCanFdValues" file="Testcases/TCx2_BitrateConverter.cc" line="477" status="run" result="completed" time="0." timestamp="2023-11-11T11:46:46.661" classname="BitrateConverter" />
    <testcase name="BitrateToSpeedWithDivisonByZero" file="Testcases/TCx2_BitrateConverter.cc" line="583" status="run" result="completed" time="0." timestamp="2023-11-11T11:46:46.661" classname="BitrateConverter" />
    <testcase name="DISABLED_IndexToBitrateWithValidIndexes" file="Testcases/TCx2_BitrateConverter.cc" line="639" status="notrun" result="suppressed" time="0." timestamp="1970-01-01T01:00:00.000" classname="BitrateConverter" />
    <testcase name="IndexToBitrateWithInvalidIndexes" file="Testcases/TCx2_BitrateConverter.cc" line="696" status="run" result="completed" time="0." timestamp="2023-11-11T11:46:46.661" classname="BitrateConverter" />
    <testcase name="StringToBitrateFromCorrectStrings" file="Testcases/TCx2_BitrateConverter.cc" line="764" status="run" result="completed" time="0.001" timestamp="2023-11-11T11:46:46.661" classname="BitrateConverter" />
    <testcase name="StringToBitrateFromValidStrings" file="Testcases/TCx2_BitrateConverter.cc" line="797" status="run" result="completed" time="0.002" timestamp="2023-11-11T11:46:46.662" classname="BitrateConverter" />
    <testcase name="StringToBitrateFromInvalidStrings" file="Testcases/TCx2_BitrateConverter.cc" line="835" status="run" result="completed" time="0." timestamp="2023-11-11T11:46:46.665" classname="BitrateConverter" />
    <testcase name="StringToBitrateFromWrongStrings" file="Testcases/TCx2_BitrateConverter.cc" line="873" status="run" result="completed" time="0." timestamp="2023-11-11T11:46:46.665" classname="BitrateConverter" />
    <testcase name="StringToBitrateWithNullPointerForString" file="Testcases/TCx2_BitrateConverter.cc" line="908" status="run" result="completed" time="0." timestamp="2023-11-11T11:46:46.666" classname="BitrateConverter" />
    <testcase name="DISABLED_BitrateToStringFromValidIndexes" file="Testcases/TCx2_BitrateConverter.cc" line="933" status="notrun" result="suppressed" time="0." timestamp="1970-01-01T01:00:00.000" classname="BitrateConverter" />
    <testcase name="BitrateToStringFromInvalidIndexes" file="Testcases/TCx2_BitrateConverter.cc" line="977" status="run" result="completed" time="0." timestamp="2023-11-11T11:46:46.666" classname="BitrateConverter" />
    <testcase name="BitrateToStringFromValidCanValues" file="Testcases/TCx2_BitrateConverter.cc" line="1015" status="run" result="completed" time="0." timestamp="2023-11-11T11:46:46.666" classname="BitrateConverter" />
    <testcase name="BitrateToStringFromInvalidCanValues" file="Testcases/TCx2_BitrateConverter.cc" line="1075" status="run" result="completed" time="0." timestamp="2023-11-11T11:46:46.666" classname="BitrateConverter" />
    <testcase name="BitrateToStringFromValidCanFdValuesBrsDisabled" file="Testcases/TCx2_BitrateConverter.cc" line="1149" status="run" result="completed" time="0." timestamp="2023-11-11T11:46:46.666" classname="BitrateConverter" />
    <testcase name="BitrateToStringFromInvalidCanFdValuesBrsDisabled" file="Testcases/TCx2_BitrateConverter.cc" line="1197" status="run" result="completed" time="0." timestamp="2023-11-11T11:46:46.666" classname="BitrateConverter" />
    <testcase name="BitrateToStringFromValidCanFdValuesBrsEnabled" file="Testcases/TCx2_BitrateConverter.cc" line="1286" status="run" result="completed" time="0." timestamp="2023-11-11T11:46:46.666" classname="BitrateConverter" />
    <testcase name="BitrateToStringFromInvalidCanFdValuesBrsEnabled" file="Testcases/TCx2_BitrateConverter.cc" line="1334" status="run" result="completed" time="0.002" timestamp="2023-11-11T11:46:46.666" classname="BitrateConverter" />
    <testcase name="BitrateToStringFromWellFormedStrings" file="Testcases/TCx2_BitrateConverter.cc" line="1458" status="run" result="completed" time="0.002" timestamp="2023-11-11T11:46:46.669" classname="BitrateConverter" />
    <testcase name="BitrateToStringWithBufferSizeTooSmall" file="Testcases/TCx2_BitrateConverter.cc" line="1500" status="run" result="completed" time="0." timestamp="2023-11-11T11:46:46.671" classname="BitrateConverter" />
    <testcase name="BitrateToStringWithBufferSizeZero" file="Testcases/TCx2_BitrateConverter.cc" line="1529" status="run" result="completed" time="0." timestamp="2023-11-11T11:46:46.671" classname="BitrateConverter" />
    <testcase name="BitrateToStringWithNullPointerForString" file="Testcases/TCx2_BitrateConverter.cc" line="1550" status="run" result="completed" time="0." timestamp="2023-11-11T11:46:46.671" classname="BitrateConverter" />
  </testsuite>
</testsuites>
